TN:
SF:/Users/tikonoff/projects/etheal-contracts/contracts/AbstractVirtualToken.sol
FN:111,AbstractToken
FN:121,balanceOf
FN:132,transfer
FN:151,transferFrom
FN:175,approve
FN:190,allowance
FN:239,AbstractVirtualToken
FN:248,totalSupply
FN:258,balanceOf
FN:269,transfer
FN:286,transferFrom
FN:307,getVirtualBalance
FN:324,materializeBalanceIfNeeded
FNF:13
FNH:11
FNDA:237,AbstractToken
FNDA:0,balanceOf
FNDA:10,transfer
FNDA:2,transferFrom
FNDA:3,approve
FNDA:3,allowance
FNDA:237,AbstractVirtualToken
FNDA:0,totalSupply
FNDA:20,balanceOf
FNDA:11,transfer
FNDA:3,transferFrom
FNDA:29,getVirtualBalance
FNDA:12,materializeBalanceIfNeeded
DA:122,0
DA:133,10
DA:134,10
DA:135,10
DA:136,9
DA:137,9
DA:138,9
DA:140,10
DA:152,2
DA:153,2
DA:154,2
DA:155,2
DA:157,2
DA:159,2
DA:160,1
DA:161,1
DA:162,1
DA:164,2
DA:176,3
DA:177,3
DA:179,3
DA:191,3
DA:249,0
DA:259,20
DA:270,11
DA:272,10
DA:273,10
DA:287,3
DA:288,2
DA:290,2
DA:291,2
DA:308,29
DA:310,28
DA:311,28
DA:312,28
DA:313,0
DA:325,12
DA:326,12
DA:328,11
DA:330,9
DA:331,9
DA:332,9
DA:333,9
LF:43
LH:40
BRDA:134,1,0,0
BRDA:134,1,1,10
BRDA:135,2,0,9
BRDA:135,2,1,1
BRDA:153,3,0,0
BRDA:153,3,1,2
BRDA:155,4,0,0
BRDA:155,4,1,2
BRDA:159,5,0,1
BRDA:159,5,1,1
BRDA:270,6,0,1
BRDA:270,6,1,10
BRDA:287,7,0,1
BRDA:287,7,1,2
BRDA:288,8,0,0
BRDA:288,8,1,2
BRDA:308,9,0,1
BRDA:308,9,1,28
BRDA:312,10,0,0
BRDA:312,10,1,28
BRDA:326,11,0,11
BRDA:326,11,1,1
BRDA:328,12,0,9
BRDA:328,12,1,2
BRDA:331,13,0,9
BRDA:331,13,1,0
BRF:26
BRH:20
end_of_record
TN:
SF:/Users/tikonoff/projects/etheal-contracts/contracts/CappedCrowdsale.sol
FN:15,CappedCrowdsale
FN:22,validPurchase
FN:28,hasEnded
FN:33,capReached
FN:38,buyTokens
FNF:5
FNH:3
FNDA:240,CappedCrowdsale
FNDA:0,validPurchase
FNDA:263,hasEnded
FNDA:228,capReached
FNDA:0,buyTokens
DA:16,240
DA:17,239
DA:23,0
DA:29,263
DA:34,228
DA:39,0
DA:40,0
DA:42,0
DA:44,0
DA:45,0
DA:46,0
LF:11
LH:4
BRDA:16,1,0,239
BRDA:16,1,1,1
BRDA:40,2,0,0
BRDA:40,2,1,0
BRDA:45,3,0,0
BRDA:45,3,1,0
BRF:6
BRH:2
end_of_record
TN:
SF:/Users/tikonoff/projects/etheal-contracts/contracts/Controlled.sol
FN:6,onlyController
FN:10,Controlled
FN:14,changeController
FNF:3
FNH:3
FNDA:1896,onlyController
FNDA:237,Controlled
FNDA:237,changeController
DA:15,237
LF:1
LH:1
BRDA:6,1,0,1896
BRDA:6,1,1,0
BRF:2
BRH:1
end_of_record
TN:
SF:/Users/tikonoff/projects/etheal-contracts/contracts/Crowdsale.sol
FN:43,Crowdsale
FN:57,
FN:62,buyTokens
FN:67,buyTokens
FN:81,transferToken
FN:92,forwardFunds
FN:97,validPurchase
FN:104,hasEnded
FN:109,hasStarted
FNF:9
FNH:4
FNDA:242,Crowdsale
FNDA:42,
FNDA:0,buyTokens
FNDA:0,buyTokens
FNDA:0,transferToken
FNDA:75,forwardFunds
FNDA:0,validPurchase
FNDA:263,hasEnded
FNDA:0,hasStarted
DA:44,242
DA:45,242
DA:46,242
DA:47,241
DA:49,240
DA:50,240
DA:51,240
DA:52,240
DA:58,42
DA:63,0
DA:68,0
DA:69,0
DA:71,0
DA:74,0
DA:76,0
DA:83,0
DA:85,0
DA:87,0
DA:93,75
DA:98,0
DA:99,0
DA:100,0
DA:105,263
DA:110,0
LF:24
LH:11
BRDA:44,1,0,242
BRDA:44,1,1,0
BRDA:45,2,0,242
BRDA:45,2,1,0
BRDA:46,3,0,241
BRDA:46,3,1,1
BRDA:47,4,0,240
BRDA:47,4,1,1
BRDA:68,5,0,0
BRDA:68,5,1,0
BRDA:69,6,0,0
BRDA:69,6,1,0
BRF:12
BRH:6
end_of_record
TN:
SF:/Users/tikonoff/projects/etheal-contracts/contracts/ECRecovery.sol
FN:17,recover
FNF:1
FNH:1
FNDA:47,recover
DA:18,47
DA:19,47
DA:20,47
DA:23,47
DA:24,38
DA:28,9
DA:35,9
DA:36,9
DA:40,9
DA:41,0
DA:43,9
LF:11
LH:10
BRDA:23,1,0,38
BRDA:23,1,1,9
BRDA:35,2,0,9
BRDA:35,2,1,0
BRDA:40,3,0,0
BRDA:40,3,1,9
BRF:6
BRH:4
end_of_record
TN:
SF:/Users/tikonoff/projects/etheal-contracts/contracts/ERC20.sol
FNF:0
FNH:0
LF:0
LH:0
BRF:0
BRH:0
end_of_record
TN:
SF:/Users/tikonoff/projects/etheal-contracts/contracts/ERC20MiniMe.sol
FNF:0
FNH:0
LF:0
LH:0
BRF:0
BRH:0
end_of_record
TN:
SF:/Users/tikonoff/projects/etheal-contracts/contracts/EthealController.sol
FN:70,onlyCrowdsale
FN:76,onlyEthealMultisig
FN:87,EthealController
FN:95,extractTokens
FN:108,setCrowdsaleTransfer
FN:119,isCrowdsaleOpen
FN:129,createGrant
FN:144,transferToGrant
FN:152,revokeGrant
FN:159,getGrantCount
FN:169,burn
FN:176,setNewController
FN:195,setNewMultisig
FN:207,setEthealToken
FN:245,setHodlerTime
FN:250,addHodlerStake
FN:255,setHodlerStake
FN:265,proxyPayment
FN:270,onTransfer
FN:277,onApprove
FN:282,claimTokenTokens
FNF:21
FNH:8
FNDA:49,onlyCrowdsale
FNDA:0,onlyEthealMultisig
FNDA:237,EthealController
FNDA:0,extractTokens
FNDA:237,setCrowdsaleTransfer
FNDA:237,isCrowdsaleOpen
FNDA:0,createGrant
FNDA:0,transferToGrant
FNDA:0,revokeGrant
FNDA:0,getGrantCount
FNDA:0,burn
FNDA:0,setNewController
FNDA:0,setNewMultisig
FNDA:237,setEthealToken
FNDA:20,setHodlerTime
FNDA:29,addHodlerStake
FNDA:0,setHodlerStake
FNDA:0,proxyPayment
FNDA:321,onTransfer
FNDA:0,onApprove
FNDA:0,claimTokenTokens
DA:71,49
DA:72,49
DA:77,0
DA:78,0
DA:88,237
DA:90,237
DA:91,237
DA:96,0
DA:98,0
DA:109,237
DA:111,237
DA:114,237
DA:120,237
DA:130,0
DA:133,0
DA:134,0
DA:136,0
DA:140,0
DA:145,0
DA:148,0
DA:153,0
DA:155,0
DA:160,0
DA:170,0
DA:172,0
DA:177,0
DA:179,0
DA:180,0
DA:181,0
DA:184,0
DA:185,0
DA:186,0
DA:189,0
DA:190,0
DA:191,0
DA:196,0
DA:198,0
DA:208,237
DA:210,237
DA:213,237
DA:215,0
DA:218,237
DA:222,237
DA:224,237
DA:226,237
DA:228,237
DA:230,237
DA:232,237
DA:234,237
DA:235,237
DA:246,20
DA:251,29
DA:256,0
DA:266,0
DA:272,321
DA:274,321
DA:278,0
DA:283,0
DA:285,0
LF:59
LH:25
BRDA:71,1,0,49
BRDA:71,1,1,0
BRDA:77,2,0,0
BRDA:77,2,1,0
BRDA:88,3,0,237
BRDA:88,3,1,0
BRDA:96,4,0,0
BRDA:96,4,1,0
BRDA:109,5,0,237
BRDA:109,5,1,0
BRDA:114,6,0,237
BRDA:114,6,1,0
BRDA:130,7,0,0
BRDA:130,7,1,0
BRDA:133,8,0,0
BRDA:133,8,1,0
BRDA:140,9,0,0
BRDA:140,9,1,0
BRDA:145,10,0,0
BRDA:145,10,1,0
BRDA:148,11,0,0
BRDA:148,11,1,0
BRDA:153,12,0,0
BRDA:153,12,1,0
BRDA:170,13,0,0
BRDA:170,13,1,0
BRDA:172,14,0,0
BRDA:172,14,1,0
BRDA:177,15,0,0
BRDA:177,15,1,0
BRDA:185,16,0,0
BRDA:185,16,1,0
BRDA:190,17,0,0
BRDA:190,17,1,0
BRDA:196,18,0,0
BRDA:196,18,1,0
BRDA:208,19,0,237
BRDA:208,19,1,0
BRDA:213,20,0,0
BRDA:213,20,1,237
BRDA:216,21,0,237
BRDA:216,21,1,0
BRDA:222,22,0,237
BRDA:222,22,1,0
BRDA:283,23,0,0
BRDA:283,23,1,0
BRF:46
BRH:8
end_of_record
TN:
SF:/Users/tikonoff/projects/etheal-contracts/contracts/EthealDeposit.sol
FN:44,EthealDeposit
FN:51,setSale
FN:56,setWhitelist
FN:61,extractTokens
FN:72,whitelistSet
FN:77,saleNotEnded
FN:82,saleEnded
FN:88,
FN:95,deposit
FN:114,forwardTransaction
FN:119,forwardManyTransaction
FN:133,forwardInvestorTransaction
FN:148,refundTransaction
FN:153,refundManyTransaction
FN:160,refundInvestor
FN:172,addTransaction
FN:195,forwardTransactionInternal
FN:219,bytesToArgument
FN:235,refundTransactionInternal
FN:259,getTransactionIds
FNF:20
FNH:20
FNDA:239,EthealDeposit
FNDA:1,setSale
FNDA:1,setWhitelist
FNDA:2,extractTokens
FNDA:56,whitelistSet
FNDA:55,saleNotEnded
FNDA:11,saleEnded
FNDA:5,
FNDA:43,deposit
FNDA:5,forwardTransaction
FNDA:2,forwardManyTransaction
FNDA:4,forwardInvestorTransaction
FNDA:3,refundTransaction
FNDA:1,refundManyTransaction
FNDA:1,refundInvestor
FNDA:40,addTransaction
FNDA:25,forwardTransactionInternal
FNDA:23,bytesToArgument
FNDA:7,refundTransactionInternal
FNDA:4,getTransactionIds
DA:45,239
DA:46,238
DA:47,238
DA:52,1
DA:57,1
DA:62,2
DA:64,1
DA:73,56
DA:74,55
DA:78,55
DA:79,54
DA:83,11
DA:84,7
DA:89,5
DA:96,43
DA:97,42
DA:98,41
DA:100,40
DA:103,40
DA:107,13
DA:110,40
DA:115,5
DA:120,2
DA:122,2
DA:124,4
DA:127,3
DA:134,4
DA:135,4
DA:136,4
DA:138,4
DA:139,7
DA:141,7
DA:142,4
DA:149,3
DA:154,1
DA:155,2
DA:161,1
DA:162,2
DA:173,40
DA:176,40
DA:184,40
DA:186,40
DA:187,40
DA:188,40
DA:190,40
DA:196,25
DA:199,24
DA:200,1
DA:204,23
DA:207,23
DA:208,1
DA:210,22
DA:212,22
DA:213,22
DA:215,22
DA:220,23
DA:221,23
DA:222,23
DA:223,23
DA:236,7
DA:239,7
DA:240,1
DA:244,6
DA:245,6
DA:247,6
DA:248,6
DA:250,6
DA:260,4
DA:261,4
DA:262,4
DA:265,4
DA:266,8
DA:267,4
DA:268,4
DA:272,4
DA:273,4
DA:274,4
DA:277,4
LF:78
LH:78
BRDA:45,1,0,238
BRDA:45,1,1,1
BRDA:62,2,0,1
BRDA:62,2,1,1
BRDA:73,3,0,55
BRDA:73,3,1,1
BRDA:78,4,0,54
BRDA:78,4,1,1
BRDA:83,5,0,7
BRDA:83,5,1,4
BRDA:96,6,0,42
BRDA:96,6,1,1
BRDA:97,7,0,41
BRDA:97,7,1,1
BRDA:98,8,0,40
BRDA:98,8,1,1
BRDA:103,9,0,13
BRDA:103,9,1,27
BRDA:115,10,0,2
BRDA:115,10,1,3
BRDA:124,11,0,3
BRDA:124,11,1,1
BRDA:141,12,0,4
BRDA:141,12,1,3
BRDA:149,13,0,2
BRDA:149,13,1,1
BRDA:196,14,0,24
BRDA:196,14,1,1
BRDA:199,15,0,1
BRDA:199,15,1,23
BRDA:207,16,0,1
BRDA:207,16,1,22
BRDA:236,17,0,7
BRDA:236,17,1,0
BRDA:239,18,0,1
BRDA:239,18,1,6
BRDA:266,19,0,4
BRDA:266,19,1,4
BRF:38
BRH:37
end_of_record
TN:
SF:/Users/tikonoff/projects/etheal-contracts/contracts/EthealNormalSale.sol
FN:75,EthealNormalSale
FN:111,setMinContribution
FN:116,setCaps
FN:124,setTimes
FN:132,setRate
FN:138,setPromoTokenController
FN:144,setWhitelist
FN:153,setDeposit
FN:163,buyTokens
FN:168,buyTokens
FN:173,handlePayment
FN:188,handleContribution
FN:215,transferToken
FN:243,depositEth
FN:250,depositOffchain
FN:257,validPurchase
FN:266,hasEnded
FN:271,finalization
FN:294,afterSale
FN:300,claimToken
FN:307,claimTokenFor
FN:328,claimManyTokenFor
FN:343,setPromoBonus
FN:355,setBonusExtra
FN:361,setManyBonusExtra
FN:368,getBonusNow
FN:373,getBonus
FN:417,howMuchCanIContributeNow
FN:424,howMuchCanXContributeNow
FN:440,getSaleDay
FN:450,getSaleDayNow
FN:457,getSaleHour
FN:467,getSaleHourNow
FN:472,uint256Min
FN:483,getContributorsCount
FN:493,getContributors
FN:515,getHealBalance
FNF:37
FNH:36
FNDA:239,EthealNormalSale
FNDA:1,setMinContribution
FNDA:3,setCaps
FNDA:3,setTimes
FNDA:2,setRate
FNDA:239,setPromoTokenController
FNDA:239,setWhitelist
FNDA:238,setDeposit
FNDA:60,buyTokens
FNDA:0,buyTokens
FNDA:83,handlePayment
FNDA:84,handleContribution
FNDA:83,transferToken
FNDA:24,depositEth
FNDA:2,depositOffchain
FNDA:83,validPurchase
FNDA:263,hasEnded
FNDA:20,finalization
FNDA:55,afterSale
FNDA:6,claimToken
FNDA:31,claimTokenFor
FNDA:15,claimManyTokenFor
FNDA:12,setPromoBonus
FNDA:7,setBonusExtra
FNDA:1,setManyBonusExtra
FNDA:1,getBonusNow
FNDA:138,getBonus
FNDA:1,howMuchCanIContributeNow
FNDA:85,howMuchCanXContributeNow
FNDA:139,getSaleDay
FNDA:1,getSaleDayNow
FNDA:139,getSaleHour
FNDA:1,getSaleHourNow
FNDA:101,uint256Min
FNDA:2,getContributorsCount
FNDA:4,getContributors
FNDA:20,getHealBalance
DA:91,239
DA:92,238
DA:95,238
DA:96,237
DA:97,237
DA:100,237
DA:101,237
DA:103,237
DA:112,1
DA:117,3
DA:118,1
DA:119,1
DA:120,1
DA:125,3
DA:126,2
DA:127,1
DA:128,1
DA:133,2
DA:134,1
DA:139,239
DA:140,238
DA:146,239
DA:147,238
DA:149,239
DA:154,238
DA:164,60
DA:169,0
DA:174,83
DA:176,82
DA:177,75
DA:180,75
DA:181,75
DA:182,1
DA:189,84
DA:191,83
DA:192,83
DA:195,83
DA:198,76
DA:199,18
DA:200,18
DA:204,76
DA:205,4
DA:208,76
DA:216,83
DA:217,83
DA:220,77
DA:223,77
DA:224,77
DA:230,76
DA:231,76
DA:232,76
DA:234,76
DA:235,72
DA:237,76
DA:239,76
DA:244,24
DA:246,23
DA:251,2
DA:258,83
DA:259,83
DA:260,83
DA:261,83
DA:267,263
DA:272,20
DA:275,20
DA:278,20
DA:279,20
DA:283,20
DA:285,20
DA:295,55
DA:296,52
DA:301,6
DA:308,31
DA:309,31
DA:312,29
DA:315,29
DA:318,29
DA:321,29
DA:322,29
DA:329,15
DA:330,25
DA:344,12
DA:345,11
DA:347,10
DA:349,10
DA:350,8
DA:356,7
DA:357,6
DA:362,1
DA:363,2
DA:369,1
DA:375,138
DA:378,138
DA:379,138
DA:380,138
DA:381,102
DA:402,138
DA:406,138
DA:408,138
DA:418,1
DA:425,85
DA:427,84
DA:428,3
DA:431,81
DA:433,81
DA:441,139
DA:442,139
DA:443,73
DA:445,139
DA:451,1
DA:458,139
DA:459,139
DA:460,73
DA:462,139
DA:468,1
DA:473,101
DA:484,2
DA:494,4
DA:495,4
DA:496,4
DA:499,4
DA:500,8
DA:501,4
DA:502,4
DA:506,4
DA:507,4
DA:508,4
DA:511,4
DA:516,20
LF:129
LH:128
BRDA:91,1,0,238
BRDA:91,1,1,1
BRDA:95,2,0,237
BRDA:95,2,1,1
BRDA:117,3,0,1
BRDA:117,3,1,2
BRDA:125,4,0,2
BRDA:125,4,1,1
BRDA:126,5,0,1
BRDA:126,5,1,1
BRDA:133,6,0,1
BRDA:133,6,1,1
BRDA:139,7,0,238
BRDA:139,7,1,1
BRDA:146,8,0,238
BRDA:146,8,1,1
BRDA:174,9,0,82
BRDA:174,9,1,1
BRDA:181,10,0,1
BRDA:181,10,1,74
BRDA:189,11,0,83
BRDA:189,11,1,1
BRDA:198,12,0,18
BRDA:198,12,1,58
BRDA:204,13,0,4
BRDA:204,13,1,72
BRDA:216,14,0,83
BRDA:216,14,1,0
BRDA:217,15,0,77
BRDA:217,15,1,6
BRDA:224,16,0,76
BRDA:224,16,1,1
BRDA:234,17,0,72
BRDA:234,17,1,4
BRDA:244,18,0,23
BRDA:244,18,1,1
BRDA:278,19,0,20
BRDA:278,19,1,0
BRDA:295,20,0,52
BRDA:295,20,1,3
BRDA:309,21,0,29
BRDA:309,21,1,2
BRDA:321,22,0,29
BRDA:321,22,1,0
BRDA:344,23,0,11
BRDA:344,23,1,1
BRDA:345,24,0,10
BRDA:345,24,1,1
BRDA:347,25,0,1
BRDA:347,25,1,9
BRDA:349,26,0,8
BRDA:349,26,1,2
BRDA:356,27,0,6
BRDA:356,27,1,1
BRDA:380,28,0,102
BRDA:380,28,1,36
BRDA:381,29,0,79
BRDA:381,29,1,23
BRDA:382,30,0,4
BRDA:382,30,1,19
BRDA:383,31,0,3
BRDA:383,31,1,16
BRDA:386,32,0,1
BRDA:386,32,1,35
BRDA:387,33,0,2
BRDA:387,33,1,33
BRDA:388,34,0,2
BRDA:388,34,1,31
BRDA:389,35,0,2
BRDA:389,35,1,29
BRDA:390,36,0,2
BRDA:390,36,1,27
BRDA:391,37,0,2
BRDA:391,37,1,25
BRDA:392,38,0,2
BRDA:392,38,1,23
BRDA:393,39,0,2
BRDA:393,39,1,21
BRDA:394,40,0,2
BRDA:394,40,1,19
BRDA:395,41,0,2
BRDA:395,41,1,17
BRDA:396,42,0,2
BRDA:396,42,1,15
BRDA:397,43,0,2
BRDA:397,43,1,13
BRDA:398,44,0,2
BRDA:398,44,1,11
BRDA:399,45,0,2
BRDA:399,45,1,9
BRDA:402,46,0,1
BRDA:402,46,1,137
BRDA:403,47,0,4
BRDA:403,47,1,133
BRDA:425,48,0,84
BRDA:425,48,1,1
BRDA:427,49,0,3
BRDA:427,49,1,81
BRDA:442,50,0,73
BRDA:442,50,1,66
BRDA:459,51,0,73
BRDA:459,51,1,66
BRDA:500,52,0,4
BRDA:500,52,1,4
BRF:104
BRH:101
end_of_record
TN:
SF:/Users/tikonoff/projects/etheal-contracts/contracts/EthealPreSale.sol
FN:92,EthealPreSale
FN:135,buyTokens
FN:164,transferToken
FN:188,validPurchase
FN:194,hasEnded
FN:200,claimRefund
FN:205,finalization
FN:232,beforeSale
FN:245,setWhitelist
FN:285,setMaxGas
FN:291,setMinContribution
FN:296,setCaps
FN:304,setTimes
FN:310,setRate
FN:321,afterSaleFail
FN:331,afterSaleSuccess
FN:337,afterSale
FN:345,claimRefundFor
FN:352,claimRefundsFor
FN:358,claimToken
FN:365,claimTokenFor
FN:389,claimTokensFor
FN:395,extractVaultTokens
FN:407,howMuchCanIContributeNow
FN:417,howMuchCanXContributeNow
FN:453,getSaleDay
FN:459,getSaleDayNow
FN:464,uint8Min
FN:469,uint256Min
FN:480,wasSuccess
FN:486,getContributorsCount
FN:496,getContributors
FN:528,getHealBalance
FNF:33
FNH:0
FNDA:0,EthealPreSale
FNDA:0,buyTokens
FNDA:0,transferToken
FNDA:0,validPurchase
FNDA:0,hasEnded
FNDA:0,claimRefund
FNDA:0,finalization
FNDA:0,beforeSale
FNDA:0,setWhitelist
FNDA:0,setMaxGas
FNDA:0,setMinContribution
FNDA:0,setCaps
FNDA:0,setTimes
FNDA:0,setRate
FNDA:0,afterSaleFail
FNDA:0,afterSaleSuccess
FNDA:0,afterSale
FNDA:0,claimRefundFor
FNDA:0,claimRefundsFor
FNDA:0,claimToken
FNDA:0,claimTokenFor
FNDA:0,claimTokensFor
FNDA:0,extractVaultTokens
FNDA:0,howMuchCanIContributeNow
FNDA:0,howMuchCanXContributeNow
FNDA:0,getSaleDay
FNDA:0,getSaleDayNow
FNDA:0,uint8Min
FNDA:0,uint256Min
FNDA:0,wasSuccess
FNDA:0,getContributorsCount
FNDA:0,getContributors
FNDA:0,getHealBalance
DA:112,0
DA:113,0
DA:116,0
DA:119,0
DA:120,0
DA:123,0
DA:124,0
DA:125,0
DA:127,0
DA:128,0
DA:130,0
DA:136,0
DA:138,0
DA:139,0
DA:142,0
DA:143,0
DA:146,0
DA:149,0
DA:150,0
DA:151,0
DA:155,0
DA:156,0
DA:157,0
DA:165,0
DA:167,0
DA:169,0
DA:170,0
DA:174,0
DA:175,0
DA:177,0
DA:178,0
DA:180,0
DA:182,0
DA:189,0
DA:195,0
DA:201,0
DA:206,0
DA:209,0
DA:211,0
DA:214,0
DA:215,0
DA:219,0
DA:220,0
DA:223,0
DA:233,0
DA:234,0
DA:246,0
DA:247,0
DA:250,0
DA:252,0
DA:254,0
DA:255,0
DA:256,0
DA:257,0
DA:258,0
DA:264,0
DA:265,0
DA:267,0
DA:268,0
DA:269,0
DA:274,0
DA:275,0
DA:277,0
DA:278,0
DA:279,0
DA:286,0
DA:287,0
DA:292,0
DA:297,0
DA:298,0
DA:299,0
DA:300,0
DA:305,0
DA:306,0
DA:311,0
DA:322,0
DA:323,0
DA:332,0
DA:333,0
DA:338,0
DA:339,0
DA:346,0
DA:347,0
DA:353,0
DA:354,0
DA:359,0
DA:366,0
DA:367,0
DA:370,0
DA:373,0
DA:376,0
DA:379,0
DA:382,0
DA:383,0
DA:390,0
DA:391,0
DA:396,0
DA:398,0
DA:408,0
DA:418,0
DA:420,0
DA:421,0
DA:424,0
DA:427,0
DA:428,0
DA:431,0
DA:432,0
DA:435,0
DA:438,0
DA:439,0
DA:441,0
DA:444,0
DA:454,0
DA:460,0
DA:465,0
DA:470,0
DA:481,0
DA:487,0
DA:497,0
DA:498,0
DA:499,0
DA:502,0
DA:503,0
DA:504,0
DA:505,0
DA:506,0
DA:511,0
DA:512,0
DA:513,0
DA:514,0
DA:519,0
DA:520,0
DA:521,0
DA:524,0
DA:529,0
LF:135
LH:0
BRDA:112,1,0,0
BRDA:112,1,1,0
BRDA:116,2,0,0
BRDA:116,2,1,0
BRDA:136,3,0,0
BRDA:136,3,1,0
BRDA:142,4,0,0
BRDA:142,4,1,0
BRDA:149,5,0,0
BRDA:149,5,1,0
BRDA:156,6,0,0
BRDA:156,6,1,0
BRDA:165,7,0,0
BRDA:165,7,1,0
BRDA:169,8,0,0
BRDA:169,8,1,0
BRDA:177,9,0,0
BRDA:177,9,1,0
BRDA:209,10,0,0
BRDA:209,10,1,0
BRDA:214,11,0,0
BRDA:214,11,1,0
BRDA:217,12,0,0
BRDA:217,12,1,0
BRDA:233,13,0,0
BRDA:233,13,1,0
BRDA:250,14,0,0
BRDA:250,14,1,0
BRDA:256,15,0,0
BRDA:256,15,1,0
BRDA:265,16,0,0
BRDA:265,16,1,0
BRDA:267,17,0,0
BRDA:267,17,1,0
BRDA:275,18,0,0
BRDA:275,18,1,0
BRDA:277,19,0,0
BRDA:277,19,1,0
BRDA:322,20,0,0
BRDA:322,20,1,0
BRDA:332,21,0,0
BRDA:332,21,1,0
BRDA:338,22,0,0
BRDA:338,22,1,0
BRDA:346,23,0,0
BRDA:346,23,1,0
BRDA:367,24,0,0
BRDA:367,24,1,0
BRDA:382,25,0,0
BRDA:382,25,1,0
BRDA:396,26,0,0
BRDA:396,26,1,0
BRDA:418,27,0,0
BRDA:418,27,1,0
BRDA:420,28,0,0
BRDA:420,28,1,0
BRDA:428,29,0,0
BRDA:428,29,1,0
BRDA:431,30,0,0
BRDA:431,30,1,0
BRDA:438,31,0,0
BRDA:438,31,1,0
BRDA:502,32,0,0
BRDA:502,32,1,0
BRDA:504,33,0,0
BRDA:504,33,1,0
BRDA:512,34,0,0
BRDA:512,34,1,0
BRF:68
BRH:0
end_of_record
TN:
SF:/Users/tikonoff/projects/etheal-contracts/contracts/EthealPromoToken.sol
FN:27,EthealPromoToken
FN:32,setCrowdsale
FN:39,virtualBalanceOf
FN:44,name
FN:49,symbol
FN:54,decimals
FN:64,setSaleBonus
FN:74,transfer
FN:85,transferFrom
FN:101,massNotify
FN:109,kill
FNF:11
FNH:11
FNDA:237,EthealPromoToken
FNDA:241,setCrowdsale
FNDA:28,virtualBalanceOf
FNDA:1,name
FNDA:1,symbol
FNDA:1,decimals
FNDA:12,setSaleBonus
FNDA:11,transfer
FNDA:3,transferFrom
FNDA:2,massNotify
FNDA:1,kill
DA:28,237
DA:33,241
DA:40,28
DA:45,1
DA:50,1
DA:55,1
DA:65,12
DA:66,11
DA:68,9
DA:69,8
DA:75,11
DA:77,11
DA:78,10
DA:81,11
DA:86,3
DA:88,3
DA:89,2
DA:92,3
DA:102,2
DA:103,2
DA:104,3
DA:110,1
LF:22
LH:22
BRDA:65,1,0,1
BRDA:65,1,1,11
BRDA:66,2,0,2
BRDA:66,2,1,9
BRDA:68,3,0,8
BRDA:68,3,1,1
BRDA:77,4,0,10
BRDA:77,4,1,1
BRDA:88,5,0,2
BRDA:88,5,1,1
BRF:10
BRH:10
end_of_record
TN:
SF:/Users/tikonoff/projects/etheal-contracts/contracts/EthealToken.sol
FN:10,EthealToken
FNF:1
FNH:1
FNDA:237,EthealToken
DA:21,237
LF:1
LH:1
BRF:0
BRH:0
end_of_record
TN:
SF:/Users/tikonoff/projects/etheal-contracts/contracts/EthealWhitelist.sol
FN:25,EthealWhitelist
FN:32,setSigner
FN:43,setWhitelist
FN:50,setManyWhitelist
FN:57,isOffchainWhitelisted
FNF:5
FNH:5
FNDA:238,EthealWhitelist
FNDA:4,setSigner
FNDA:53,setWhitelist
FNDA:14,setManyWhitelist
FNDA:47,isOffchainWhitelisted
DA:26,238
DA:28,237
DA:33,4
DA:35,3
DA:44,53
DA:45,52
DA:46,52
DA:51,14
DA:52,28
DA:58,47
DA:59,47
LF:11
LH:11
BRDA:26,1,0,237
BRDA:26,1,1,1
BRDA:33,2,0,3
BRDA:33,2,1,1
BRDA:44,3,0,52
BRDA:44,3,1,1
BRF:6
BRH:6
end_of_record
TN:
SF:/Users/tikonoff/projects/etheal-contracts/contracts/FinalizableCrowdsale.sol
FN:23,finalize
FN:38,finalization
FNF:2
FNH:2
FNDA:20,finalize
FNDA:20,finalization
DA:24,20
DA:25,20
DA:27,20
DA:28,20
DA:30,20
LF:5
LH:5
BRDA:24,1,0,20
BRDA:24,1,1,0
BRDA:25,2,0,20
BRDA:25,2,1,0
BRF:4
BRH:2
end_of_record
TN:
SF:/Users/tikonoff/projects/etheal-contracts/contracts/HasNoTokens.sol
FN:17,extractTokens
FNF:1
FNH:1
FNDA:2,extractTokens
DA:18,2
DA:19,0
DA:20,0
DA:23,2
DA:24,2
DA:25,2
DA:26,2
LF:7
LH:5
BRDA:18,1,0,0
BRDA:18,1,1,2
BRF:2
BRH:1
end_of_record
TN:
SF:/Users/tikonoff/projects/etheal-contracts/contracts/Hodler.sol
FN:55,beforeHodlStart
FN:61,Hodler
FN:71,addHodlerStake
FN:91,setHodlerStake
FN:116,setHodlerTime
FN:129,invalidate
FN:141,claimHodlReward
FN:146,claimHodlRewardFor
FN:184,claimHodlRewardsFor
FN:190,updateAndGetHodlTotalValue
FNF:10
FNH:8
FNDA:49,beforeHodlStart
FNDA:237,Hodler
FNDA:29,addHodlerStake
FNDA:0,setHodlerStake
FNDA:20,setHodlerTime
FNDA:321,invalidate
FNDA:0,claimHodlReward
FNDA:22,claimHodlRewardFor
FNDA:14,claimHodlRewardsFor
FNDA:343,updateAndGetHodlTotalValue
DA:56,49
DA:57,49
DA:62,237
DA:63,237
DA:64,237
DA:73,29
DA:74,0
DA:77,29
DA:78,29
DA:80,29
DA:82,29
DA:84,29
DA:93,0
DA:94,0
DA:97,0
DA:98,0
DA:100,0
DA:103,0
DA:104,0
DA:105,0
DA:107,0
DA:109,0
DA:111,0
DA:117,20
DA:119,20
DA:120,20
DA:121,20
DA:122,20
DA:124,20
DA:130,321
DA:131,7
DA:132,7
DA:133,7
DA:137,321
DA:142,0
DA:148,22
DA:150,22
DA:153,22
DA:156,22
DA:157,11
DA:158,11
DA:160,22
DA:161,8
DA:162,8
DA:164,22
DA:165,5
DA:166,5
DA:169,22
DA:171,19
DA:174,19
DA:177,19
DA:185,14
DA:186,22
DA:191,343
DA:192,272
DA:195,343
DA:196,270
DA:199,343
DA:200,268
DA:203,268
DA:206,343
LF:61
LH:48
BRDA:56,1,0,49
BRDA:56,1,1,0
BRDA:73,2,0,0
BRDA:73,2,1,29
BRDA:77,3,0,29
BRDA:77,3,1,0
BRDA:93,4,0,0
BRDA:93,4,1,0
BRDA:97,5,0,0
BRDA:97,5,1,0
BRDA:99,6,0,0
BRDA:99,6,1,0
BRDA:103,7,0,0
BRDA:103,7,1,0
BRDA:104,8,0,0
BRDA:104,8,1,0
BRDA:117,9,0,20
BRDA:117,9,1,0
BRDA:130,10,0,7
BRDA:130,10,1,314
BRDA:148,11,0,22
BRDA:148,11,1,0
BRDA:156,12,0,11
BRDA:156,12,1,11
BRDA:160,13,0,8
BRDA:160,13,1,14
BRDA:164,14,0,5
BRDA:164,14,1,17
BRDA:169,15,0,19
BRDA:169,15,1,3
BRDA:174,16,0,19
BRDA:174,16,1,0
BRDA:191,17,0,272
BRDA:191,17,1,71
BRDA:195,18,0,270
BRDA:195,18,1,73
BRDA:199,19,0,268
BRDA:199,19,1,75
BRF:38
BRH:22
end_of_record
TN:
SF:/Users/tikonoff/projects/etheal-contracts/contracts/iEthealSale.sol
FNF:0
FNH:0
LF:0
LH:0
BRF:0
BRH:0
end_of_record
TN:
SF:/Users/tikonoff/projects/etheal-contracts/contracts/MiniMeToken.sol
FN:86,MiniMeToken
FN:114,transfer
FN:125,transferFrom
FN:148,doTransfer
FN:190,balanceOf
FN:200,approve
FN:224,allowance
FN:236,approveAndCall
FN:252,totalSupply
FN:265,balanceOfAt
FN:291,totalSupplyAt
FN:326,createCloneToken
FN:358,generateTokens
FN:375,destroyTokens
FN:394,enableTransfers
FN:406,getValueAt
FN:433,updateValueAtNow
FN:449,isContract
FN:459,min
FN:466,
FN:479,claimTokens
FN:521,createCloneToken
FNF:22
FNH:12
FNDA:237,MiniMeToken
FNDA:84,transfer
FNDA:237,transferFrom
FNDA:321,doTransfer
FNDA:1995,balanceOf
FNDA:0,approve
FNDA:0,allowance
FNDA:0,approveAndCall
FNDA:1896,totalSupply
FNDA:2636,balanceOfAt
FNDA:1896,totalSupplyAt
FNDA:0,createCloneToken
FNDA:1659,generateTokens
FNDA:0,destroyTokens
FNDA:0,enableTransfers
FNDA:2117,getValueAt
FNDA:3958,updateValueAtNow
FNDA:321,isContract
FNDA:0,min
FNDA:0,
FNDA:0,claimTokens
FNDA:0,createCloneToken
DA:95,237
DA:96,237
DA:97,237
DA:98,237
DA:99,237
DA:100,237
DA:101,237
DA:102,237
DA:115,84
DA:116,84
DA:132,237
DA:133,0
DA:136,0
DA:137,0
DA:139,237
DA:151,321
DA:152,0
DA:155,321
DA:158,321
DA:162,321
DA:163,321
DA:164,0
DA:168,321
DA:169,321
DA:174,320
DA:178,320
DA:179,320
DA:180,320
DA:183,320
DA:185,320
DA:191,1995
DA:201,0
DA:207,0
DA:210,0
DA:211,0
DA:214,0
DA:215,0
DA:216,0
DA:226,0
DA:238,0
DA:240,0
DA:247,0
DA:253,1896
DA:273,2636
DA:275,1941
DA:276,0
DA:279,1941
DA:284,695
DA:298,1896
DA:300,474
DA:301,0
DA:303,474
DA:308,1422
DA:333,0
DA:334,0
DA:343,0
DA:346,0
DA:347,0
DA:360,1659
DA:361,1659
DA:362,1659
DA:363,1659
DA:364,1659
DA:365,1659
DA:366,1659
DA:367,1659
DA:377,0
DA:378,0
DA:379,0
DA:380,0
DA:381,0
DA:382,0
DA:383,0
DA:384,0
DA:395,0
DA:408,2117
DA:411,2117
DA:412,2117
DA:413,0
DA:416,0
DA:417,0
DA:418,0
DA:419,0
DA:420,0
DA:421,0
DA:423,0
DA:426,0
DA:435,3958
DA:437,2519
DA:438,2519
DA:439,2519
DA:441,1439
DA:442,1439
DA:450,321
DA:451,321
DA:452,321
DA:455,321
DA:460,0
DA:467,0
DA:468,0
DA:480,0
DA:481,0
DA:482,0
DA:485,0
DA:486,0
DA:487,0
DA:488,0
DA:529,0
DA:539,0
DA:540,0
LF:110
LH:56
BRDA:115,1,0,84
BRDA:115,1,1,0
BRDA:132,2,0,0
BRDA:132,2,1,237
BRDA:133,3,0,0
BRDA:133,3,1,0
BRDA:136,4,0,0
BRDA:136,4,1,0
BRDA:151,5,0,0
BRDA:151,5,1,321
BRDA:155,6,0,321
BRDA:155,6,1,0
BRDA:158,7,0,321
BRDA:158,7,1,0
BRDA:163,8,0,0
BRDA:163,8,1,321
BRDA:168,9,0,321
BRDA:168,9,1,0
BRDA:169,10,0,320
BRDA:169,10,1,1
BRDA:179,11,0,320
BRDA:179,11,1,0
BRDA:201,12,0,0
BRDA:201,12,1,0
BRDA:207,13,0,0
BRDA:207,13,1,0
BRDA:210,14,0,0
BRDA:210,14,1,0
BRDA:211,15,0,0
BRDA:211,15,1,0
BRDA:238,16,0,0
BRDA:238,16,1,0
BRDA:273,17,0,1941
BRDA:273,17,1,695
BRDA:275,18,0,0
BRDA:275,18,1,1941
BRDA:298,19,0,474
BRDA:298,19,1,1422
BRDA:300,20,0,0
BRDA:300,20,1,474
BRDA:333,21,0,0
BRDA:333,21,1,0
BRDA:361,22,0,1659
BRDA:361,22,1,0
BRDA:363,23,0,1659
BRDA:363,23,1,0
BRDA:378,24,0,0
BRDA:378,24,1,0
BRDA:380,25,0,0
BRDA:380,25,1,0
BRDA:408,26,0,0
BRDA:408,26,1,2117
BRDA:411,27,0,2117
BRDA:411,27,1,0
BRDA:413,28,0,0
BRDA:413,28,1,0
BRDA:420,29,0,0
BRDA:420,29,1,0
BRDA:435,30,0,2519
BRDA:435,30,1,1439
BRDA:451,31,0,0
BRDA:451,31,1,321
BRDA:467,32,0,0
BRDA:467,32,1,0
BRDA:468,33,0,0
BRDA:468,33,1,0
BRDA:480,34,0,0
BRDA:480,34,1,0
BRF:68
BRH:23
end_of_record
TN:
SF:/Users/tikonoff/projects/etheal-contracts/contracts/Ownable.sol
FN:20,Ownable
FN:28,onlyOwner
FN:38,transferOwnership
FNF:3
FNH:2
FNDA:1428,Ownable
FNDA:1960,onlyOwner
FNDA:0,transferOwnership
DA:21,1428
DA:29,1960
DA:30,1938
DA:39,0
DA:40,0
DA:41,0
LF:6
LH:3
BRDA:29,1,0,1938
BRDA:29,1,1,22
BRDA:39,2,0,0
BRDA:39,2,1,0
BRF:4
BRH:2
end_of_record
TN:
SF:/Users/tikonoff/projects/etheal-contracts/contracts/Pausable.sol
FN:21,whenNotPaused
FN:29,whenPaused
FN:37,pause
FN:45,unpause
FNF:4
FNH:3
FNDA:117,whenNotPaused
FNDA:254,whenPaused
FNDA:0,pause
FNDA:17,unpause
DA:22,117
DA:23,117
DA:30,254
DA:31,254
DA:38,0
DA:39,0
DA:46,17
DA:47,17
LF:8
LH:6
BRDA:22,1,0,117
BRDA:22,1,1,0
BRDA:30,2,0,254
BRDA:30,2,1,0
BRF:4
BRH:2
end_of_record
TN:
SF:/Users/tikonoff/projects/etheal-contracts/contracts/RefundableCrowdsale.sol
FN:24,RefundableCrowdsale
FN:34,forwardFunds
FN:42,claimRefund
FN:50,finalization
FN:60,goalReached
FNF:5
FNH:0
FNDA:0,RefundableCrowdsale
FNDA:0,forwardFunds
FNDA:0,claimRefund
FNDA:0,finalization
FNDA:0,goalReached
DA:25,0
DA:26,0
DA:27,0
DA:35,0
DA:36,0
DA:38,0
DA:43,0
DA:44,0
DA:46,0
DA:51,0
DA:52,0
DA:54,0
DA:57,0
DA:61,0
LF:14
LH:0
BRDA:25,1,0,0
BRDA:25,1,1,0
BRDA:35,2,0,0
BRDA:35,2,1,0
BRDA:43,3,0,0
BRDA:43,3,1,0
BRDA:44,4,0,0
BRDA:44,4,1,0
BRDA:51,5,0,0
BRDA:51,5,1,0
BRF:10
BRH:0
end_of_record
TN:
SF:/Users/tikonoff/projects/etheal-contracts/contracts/RefundVault.sol
FN:26,RefundVault
FN:32,deposit
FN:37,close
FN:44,enableRefunds
FN:50,refund
FNF:5
FNH:0
FNDA:0,RefundVault
FNDA:0,deposit
FNDA:0,close
FNDA:0,enableRefunds
FNDA:0,refund
DA:27,0
DA:28,0
DA:29,0
DA:33,0
DA:34,0
DA:38,0
DA:39,0
DA:40,0
DA:41,0
DA:45,0
DA:46,0
DA:47,0
DA:51,0
DA:52,0
DA:53,0
DA:54,0
DA:55,0
LF:17
LH:0
BRDA:27,1,0,0
BRDA:27,1,1,0
BRDA:33,2,0,0
BRDA:33,2,1,0
BRDA:38,3,0,0
BRDA:38,3,1,0
BRDA:45,4,0,0
BRDA:45,4,1,0
BRDA:51,5,0,0
BRDA:51,5,1,0
BRF:10
BRH:0
end_of_record
TN:
SF:/Users/tikonoff/projects/etheal-contracts/contracts/SafeMath.sol
FN:9,mul
FN:15,div
FN:22,sub
FN:27,add
FNF:4
FNH:4
FNDA:413,mul
FNDA:743,div
FNDA:978,sub
FNDA:2802,add
DA:10,413
DA:11,413
DA:12,413
DA:17,743
DA:19,743
DA:23,978
DA:24,978
DA:28,2802
DA:29,2802
DA:30,2802
LF:10
LH:10
BRDA:11,1,0,413
BRDA:11,1,1,0
BRDA:23,2,0,978
BRDA:23,2,1,0
BRDA:29,3,0,2802
BRDA:29,3,1,0
BRF:6
BRH:3
end_of_record
TN:
SF:/Users/tikonoff/projects/etheal-contracts/contracts/TokenController.sol
FNF:0
FNH:0
LF:0
LH:0
BRF:0
BRH:0
end_of_record
TN:
SF:/Users/tikonoff/projects/etheal-contracts/contracts/TokenVesting.sol
FN:40,TokenVesting
FN:55,release
FN:72,revoke
FN:92,releasableAmount
FN:100,vestedAmount
FNF:5
FNH:0
FNDA:0,TokenVesting
FNDA:0,release
FNDA:0,revoke
FNDA:0,releasableAmount
FNDA:0,vestedAmount
DA:41,0
DA:42,0
DA:44,0
DA:45,0
DA:46,0
DA:47,0
DA:48,0
DA:56,0
DA:58,0
DA:60,0
DA:62,0
DA:64,0
DA:73,0
DA:74,0
DA:76,0
DA:78,0
DA:79,0
DA:81,0
DA:83,0
DA:85,0
DA:93,0
DA:101,0
DA:102,0
DA:104,0
DA:105,0
DA:107,0
DA:109,0
LF:27
LH:0
BRDA:41,1,0,0
BRDA:41,1,1,0
BRDA:42,2,0,0
BRDA:42,2,1,0
BRDA:58,3,0,0
BRDA:58,3,1,0
BRDA:62,4,0,0
BRDA:62,4,1,0
BRDA:73,5,0,0
BRDA:73,5,1,0
BRDA:74,6,0,0
BRDA:74,6,1,0
BRDA:83,7,0,0
BRDA:83,7,1,0
BRDA:104,8,0,0
BRDA:104,8,1,0
BRDA:106,9,0,0
BRDA:106,9,1,0
BRF:18
BRH:0
end_of_record
TN:
SF:/Users/tikonoff/projects/etheal-contracts/contracts/Wallet.sol
FN:33,onlyWallet
FN:39,ownerDoesNotExist
FN:45,ownerExists
FN:51,transactionExists
FN:57,confirmed
FN:63,notConfirmed
FN:69,notExecuted
FN:75,notNull
FN:81,validRequirement
FN:91,
FN:104,MultiSigWallet
FN:119,addOwner
FN:133,removeOwner
FN:153,replaceOwner
FN:172,changeRequirement
FN:186,submitTransaction
FN:196,confirmTransaction
FN:209,revokeConfirmation
FN:221,executeTransaction
FN:240,isConfirmed
FN:262,addTransaction
FN:284,getConfirmationCount
FN:298,getTransactionCount
FN:311,getOwners
FN:322,getConfirmations
FN:346,getTransactionIds
FN:385,MultiSigWalletWithDailyLimit
FN:394,changeDailyLimit
FN:404,executeTransaction
FN:431,isUnderLimit
FN:449,calcMaxWithdraw
FNF:31
FNH:2
FNDA:0,onlyWallet
FNDA:0,ownerDoesNotExist
FNDA:0,ownerExists
FNDA:0,transactionExists
FNDA:0,confirmed
FNDA:0,notConfirmed
FNDA:0,notExecuted
FNDA:0,notNull
FNDA:1,validRequirement
FNDA:0,
FNDA:1,MultiSigWallet
FNDA:0,addOwner
FNDA:0,removeOwner
FNDA:0,replaceOwner
FNDA:0,changeRequirement
FNDA:0,submitTransaction
FNDA:0,confirmTransaction
FNDA:0,revokeConfirmation
FNDA:0,executeTransaction
FNDA:0,isConfirmed
FNDA:0,addTransaction
FNDA:0,getConfirmationCount
FNDA:0,getTransactionCount
FNDA:0,getOwners
FNDA:0,getConfirmations
FNDA:0,getTransactionIds
FNDA:0,MultiSigWalletWithDailyLimit
FNDA:0,changeDailyLimit
FNDA:0,executeTransaction
FNDA:0,isUnderLimit
FNDA:0,calcMaxWithdraw
DA:34,0
DA:35,0
DA:36,0
DA:40,0
DA:41,0
DA:42,0
DA:46,0
DA:47,0
DA:48,0
DA:52,0
DA:53,0
DA:54,0
DA:58,0
DA:59,0
DA:60,0
DA:64,0
DA:65,0
DA:66,0
DA:70,0
DA:71,0
DA:72,0
DA:76,0
DA:77,0
DA:78,0
DA:82,1
DA:86,0
DA:87,1
DA:94,0
DA:95,0
DA:108,1
DA:109,3
DA:110,0
DA:111,3
DA:113,1
DA:114,1
DA:126,0
DA:127,0
DA:128,0
DA:138,0
DA:139,0
DA:140,0
DA:141,0
DA:142,0
DA:144,0
DA:145,0
DA:146,0
DA:147,0
DA:159,0
DA:160,0
DA:161,0
DA:162,0
DA:164,0
DA:165,0
DA:166,0
DA:167,0
DA:177,0
DA:178,0
DA:190,0
DA:191,0
DA:202,0
DA:203,0
DA:204,0
DA:215,0
DA:216,0
DA:225,0
DA:226,0
DA:227,0
DA:228,0
DA:229,0
DA:231,0
DA:232,0
DA:245,0
DA:246,0
DA:247,0
DA:248,0
DA:249,0
DA:250,0
DA:267,0
DA:268,0
DA:274,0
DA:275,0
DA:289,0
DA:290,0
DA:291,0
DA:303,0
DA:304,0
DA:306,0
DA:316,0
DA:327,0
DA:328,0
DA:329,0
DA:330,0
DA:331,0
DA:332,0
DA:333,0
DA:335,0
DA:336,0
DA:337,0
DA:351,0
DA:352,0
DA:353,0
DA:354,0
DA:355,0
DA:358,0
DA:359,0
DA:361,0
DA:362,0
DA:363,0
DA:389,0
DA:398,0
DA:399,0
DA:408,0
DA:409,0
DA:410,0
DA:411,0
DA:412,0
DA:413,0
DA:414,0
DA:415,0
DA:417,0
DA:418,0
DA:419,0
DA:420,0
DA:435,0
DA:436,0
DA:437,0
DA:439,0
DA:440,0
DA:441,0
DA:454,0
DA:455,0
DA:456,0
DA:457,0
DA:458,0
LF:134
LH:7
BRDA:34,1,0,0
BRDA:34,1,1,0
BRDA:40,2,0,0
BRDA:40,2,1,0
BRDA:46,3,0,0
BRDA:46,3,1,0
BRDA:52,4,0,0
BRDA:52,4,1,0
BRDA:58,5,0,0
BRDA:58,5,1,0
BRDA:64,6,0,0
BRDA:64,6,1,0
BRDA:70,7,0,0
BRDA:70,7,1,0
BRDA:76,8,0,0
BRDA:76,8,1,0
BRDA:82,9,0,0
BRDA:82,9,1,1
BRDA:94,10,0,0
BRDA:94,10,1,0
BRDA:109,11,0,0
BRDA:109,11,1,3
BRDA:140,12,0,0
BRDA:140,12,1,0
BRDA:145,13,0,0
BRDA:145,13,1,0
BRDA:160,14,0,0
BRDA:160,14,1,0
BRDA:225,15,0,0
BRDA:225,15,1,0
BRDA:228,16,0,0
BRDA:228,16,1,0
BRDA:247,17,0,0
BRDA:247,17,1,0
BRDA:249,18,0,0
BRDA:249,18,1,0
BRDA:290,19,0,0
BRDA:290,19,1,0
BRDA:304,20,0,0
BRDA:304,20,1,0
BRDA:331,21,0,0
BRDA:331,21,1,0
BRDA:355,22,0,0
BRDA:355,22,1,0
BRDA:410,23,0,0
BRDA:410,23,1,0
BRDA:412,24,0,0
BRDA:412,24,1,0
BRDA:414,25,0,0
BRDA:414,25,1,0
BRDA:419,26,0,0
BRDA:419,26,1,0
BRDA:435,27,0,0
BRDA:435,27,1,0
BRDA:439,28,0,0
BRDA:439,28,1,0
BRDA:454,29,0,0
BRDA:454,29,1,0
BRDA:456,30,0,0
BRDA:456,30,1,0
BRF:60
BRH:2
end_of_record
